----------

Sat Dec 26 2020 05:51:43 GMT-0500 (Eastern Standard Time)

To https://github.com/bazarsen/bazarsen.github.io
   8512038..671aa5a  master -> master


----------

Sat Dec 26 2020 06:39:40 GMT-0500 (Eastern Standard Time)

To https://github.com/bazarsen/bazarsen.github.io
   671aa5a..76a530c  master -> master


----------

Sat Dec 26 2020 07:13:38 GMT-0500 (Eastern Standard Time)

To https://github.com/bazarsen/bazarsen.github.io
   76a530c..1e834f5  master -> master


----------

Sat Dec 26 2020 07:23:03 GMT-0500 (Eastern Standard Time)

To https://github.com/bazarsen/bazarsen.github.io
   1e834f5..9798fbb  master -> master


----------

Sat Dec 26 2020 07:49:49 GMT-0500 (Eastern Standard Time)

To https://github.com/bazarsen/bazarsen.github.io
   9798fbb..fdae57a  master -> master


----------

Sat Dec 26 2020 07:59:28 GMT-0500 (Eastern Standard Time)

To https://github.com/bazarsen/bazarsen.github.io
   fdae57a..0678e9f  master -> master


----------

Mon Dec 28 2020 01:42:46 GMT-0500 (Eastern Standard Time)

remote: Invalid username or password.
fatal: Authentication failed for 'https://github.com/bazarsen/bazarsen.github.io/'


----------

Mon Dec 28 2020 02:27:04 GMT-0500 (Eastern Standard Time)

fatal: could not read Username for 'https://github.com': Device not configured


----------

Mon Dec 28 2020 02:27:44 GMT-0500 (Eastern Standard Time)

fatal: could not read Username for 'https://github.com': Device not configured


----------

Mon Dec 28 2020 02:28:16 GMT-0500 (Eastern Standard Time)

fatal: could not read Username for 'https://github.com': Device not configured


